2022-10-29T16:00:54,625 [restartedMain] INFO  (StartupInfoLogger.java:55) - Starting TmsApplication using Java 12.0.2 on DESKTOP-C48K438 with PID 1264 (D:\Hrushikesh\tms\target\classes started by Q in D:\Hrushikesh\tms)
2022-10-29T16:00:54,629 [restartedMain] INFO  (SpringApplication.java:634) - No active profile set, falling back to 1 default profile: "default"
2022-10-29T16:00:55,239 [restartedMain] INFO  (RepositoryConfigurationDelegate.java:132) - Bootstrapping Spring Data JPA repositories in DEFAULT mode.
2022-10-29T16:00:55,244 [restartedMain] INFO  (RepositoryConfigurationDelegate.java:201) - Finished Spring Data repository scanning in 4 ms. Found 0 JPA repository interfaces.
2022-10-29T16:00:55,483 [restartedMain] INFO  (TomcatWebServer.java:108) - Tomcat initialized with port(s): 8080 (http)
2022-10-29T16:00:55,492 [restartedMain] INFO  (DirectJDKLog.java:173) - Initializing ProtocolHandler ["http-nio-8080"]
2022-10-29T16:00:55,493 [restartedMain] INFO  (DirectJDKLog.java:173) - Starting service [Tomcat]
2022-10-29T16:00:55,496 [restartedMain] INFO  (DirectJDKLog.java:173) - Starting Servlet engine: [Apache Tomcat/9.0.68]
2022-10-29T16:00:55,588 [restartedMain] INFO  (DirectJDKLog.java:173) - Initializing Spring embedded WebApplicationContext
2022-10-29T16:00:55,592 [restartedMain] INFO  (ServletWebServerApplicationContext.java:292) - Root WebApplicationContext: initialization completed in 958 ms
2022-10-29T16:00:55,650 [restartedMain] INFO  (LogHelper.java:31) - HHH000204: Processing PersistenceUnitInfo [name: default]
2022-10-29T16:00:55,679 [restartedMain] INFO  (HikariDataSource.java:110) - HikariPool-4 - Starting...
2022-10-29T16:00:55,687 [restartedMain] INFO  (HikariDataSource.java:123) - HikariPool-4 - Start completed.
2022-10-29T16:00:55,688 [restartedMain] INFO  (Dialect.java:175) - HHH000400: Using dialect: org.hibernate.dialect.MySQL5InnoDBDialect
2022-10-29T16:00:55,716 [restartedMain] INFO  (JtaPlatformInitiator.java:52) - HHH000490: Using JtaPlatform implementation: [org.hibernate.engine.transaction.jta.platform.internal.NoJtaPlatform]
2022-10-29T16:00:55,717 [restartedMain] INFO  (AbstractEntityManagerFactoryBean.java:437) - Initialized JPA EntityManagerFactory for persistence unit 'default'
2022-10-29T16:00:55,758 [restartedMain] WARN  (JpaBaseConfiguration.java:219) - spring.jpa.open-in-view is enabled by default. Therefore, database queries may be performed during view rendering. Explicitly configure spring.jpa.open-in-view to disable this warning
2022-10-29T16:00:55,923 [restartedMain] INFO  (OptionalLiveReloadServer.java:59) - LiveReload server is running on port 35729
2022-10-29T16:00:55,931 [restartedMain] INFO  (DirectJDKLog.java:173) - Starting ProtocolHandler ["http-nio-8080"]
2022-10-29T16:00:55,936 [restartedMain] INFO  (TomcatWebServer.java:220) - Tomcat started on port(s): 8080 (http) with context path ''
2022-10-29T16:00:55,944 [restartedMain] INFO  (StartupInfoLogger.java:61) - Started TmsApplication in 1.43 seconds (JVM running for 76.932)
2022-10-29T16:00:55,945 [restartedMain] INFO  (TmsApplication.java:21) - Info log
2022-10-29T16:00:55,946 [restartedMain] WARN  (TmsApplication.java:22) - Hey, This is a warning!
2022-10-29T16:00:55,947 [restartedMain] ERROR (TmsApplication.java:23) - Oops! We have an Error. OK
2022-10-29T16:00:55,949 [restartedMain] INFO  (ConditionEvaluationDeltaLoggingListener.java:63) - Condition evaluation unchanged
2022-10-29T16:01:23,232 [restartedMain] INFO  (StartupInfoLogger.java:55) - Starting TmsApplication using Java 12.0.2 on DESKTOP-C48K438 with PID 22200 (D:\Hrushikesh\tms\target\classes started by Q in D:\Hrushikesh\tms)
2022-10-29T16:01:23,252 [restartedMain] INFO  (SpringApplication.java:634) - No active profile set, falling back to 1 default profile: "default"
2022-10-29T16:01:23,362 [restartedMain] INFO  (DeferredLog.java:255) - Devtools property defaults active! Set 'spring.devtools.add-properties' to 'false' to disable
2022-10-29T16:01:23,371 [restartedMain] INFO  (DeferredLog.java:255) - For additional web related logging consider setting the 'logging.level.web' property to 'DEBUG'
2022-10-29T16:01:24,750 [restartedMain] INFO  (RepositoryConfigurationDelegate.java:132) - Bootstrapping Spring Data JPA repositories in DEFAULT mode.
2022-10-29T16:01:24,786 [restartedMain] INFO  (RepositoryConfigurationDelegate.java:201) - Finished Spring Data repository scanning in 11 ms. Found 0 JPA repository interfaces.
2022-10-29T16:01:26,481 [restartedMain] INFO  (TomcatWebServer.java:108) - Tomcat initialized with port(s): 8080 (http)
2022-10-29T16:01:26,502 [restartedMain] INFO  (DirectJDKLog.java:173) - Initializing ProtocolHandler ["http-nio-8080"]
2022-10-29T16:01:26,505 [restartedMain] INFO  (DirectJDKLog.java:173) - Starting service [Tomcat]
2022-10-29T16:01:26,507 [restartedMain] INFO  (DirectJDKLog.java:173) - Starting Servlet engine: [Apache Tomcat/9.0.68]
2022-10-29T16:01:26,755 [restartedMain] INFO  (DirectJDKLog.java:173) - Initializing Spring embedded WebApplicationContext
2022-10-29T16:01:26,759 [restartedMain] INFO  (ServletWebServerApplicationContext.java:292) - Root WebApplicationContext: initialization completed in 3386 ms
2022-10-29T16:01:27,083 [restartedMain] INFO  (LogHelper.java:31) - HHH000204: Processing PersistenceUnitInfo [name: default]
2022-10-29T16:01:27,208 [restartedMain] INFO  (Version.java:44) - HHH000412: Hibernate ORM core version 5.6.12.Final
2022-10-29T16:01:27,552 [restartedMain] INFO  (JavaReflectionManager.java:56) - HCANN000001: Hibernate Commons Annotations {5.1.2.Final}
2022-10-29T16:01:27,745 [restartedMain] INFO  (HikariDataSource.java:110) - HikariPool-1 - Starting...
2022-10-29T16:01:28,006 [restartedMain] INFO  (HikariDataSource.java:123) - HikariPool-1 - Start completed.
2022-10-29T16:01:28,035 [restartedMain] INFO  (Dialect.java:175) - HHH000400: Using dialect: org.hibernate.dialect.MySQL5InnoDBDialect
2022-10-29T16:01:28,512 [restartedMain] INFO  (JtaPlatformInitiator.java:52) - HHH000490: Using JtaPlatform implementation: [org.hibernate.engine.transaction.jta.platform.internal.NoJtaPlatform]
2022-10-29T16:01:28,534 [restartedMain] INFO  (AbstractEntityManagerFactoryBean.java:437) - Initialized JPA EntityManagerFactory for persistence unit 'default'
2022-10-29T16:01:28,646 [restartedMain] WARN  (JpaBaseConfiguration.java:219) - spring.jpa.open-in-view is enabled by default. Therefore, database queries may be performed during view rendering. Explicitly configure spring.jpa.open-in-view to disable this warning
2022-10-29T16:01:29,236 [restartedMain] INFO  (OptionalLiveReloadServer.java:59) - LiveReload server is running on port 35729
2022-10-29T16:01:29,262 [restartedMain] INFO  (DirectJDKLog.java:173) - Starting ProtocolHandler ["http-nio-8080"]
2022-10-29T16:01:29,297 [restartedMain] INFO  (TomcatWebServer.java:220) - Tomcat started on port(s): 8080 (http) with context path ''
2022-10-29T16:01:29,345 [restartedMain] INFO  (StartupInfoLogger.java:61) - Started TmsApplication in 6.907 seconds (JVM running for 8.406)
2022-10-29T16:01:29,354 [restartedMain] INFO  (TmsApplication.java:21) - Info log
2022-10-29T16:01:29,377 [restartedMain] WARN  (TmsApplication.java:22) - Hey, This is a warning!
2022-10-29T16:01:29,383 [restartedMain] ERROR (TmsApplication.java:23) - Oops! We have an Error. OK
2022-10-31T16:16:56,234 [restartedMain] INFO  (StartupInfoLogger.java:55) - Starting TmsApplication using Java 17.0.4.1 on YP1016824DT with PID 16968 (D:\Training\Projects\tours_&_Travels_Management_System\tmsBackEnd\target\classes started by hrushikesh.w in D:\Training\Projects\tours_&_Travels_Management_System\tmsBackEnd)
2022-10-31T16:16:56,245 [restartedMain] INFO  (SpringApplication.java:634) - No active profile set, falling back to 1 default profile: "default"
2022-10-31T16:16:56,325 [restartedMain] INFO  (DeferredLog.java:255) - Devtools property defaults active! Set 'spring.devtools.add-properties' to 'false' to disable
2022-10-31T16:16:56,326 [restartedMain] INFO  (DeferredLog.java:255) - For additional web related logging consider setting the 'logging.level.web' property to 'DEBUG'
2022-10-31T16:16:57,847 [restartedMain] INFO  (RepositoryConfigurationDelegate.java:132) - Bootstrapping Spring Data JPA repositories in DEFAULT mode.
2022-10-31T16:16:57,936 [restartedMain] INFO  (RepositoryConfigurationDelegate.java:201) - Finished Spring Data repository scanning in 76 ms. Found 1 JPA repository interfaces.
2022-10-31T16:17:00,204 [restartedMain] INFO  (TomcatWebServer.java:108) - Tomcat initialized with port(s): 8080 (http)
2022-10-31T16:17:00,217 [restartedMain] INFO  (DirectJDKLog.java:173) - Initializing ProtocolHandler ["http-nio-8080"]
2022-10-31T16:17:00,219 [restartedMain] INFO  (DirectJDKLog.java:173) - Starting service [Tomcat]
2022-10-31T16:17:00,219 [restartedMain] INFO  (DirectJDKLog.java:173) - Starting Servlet engine: [Apache Tomcat/9.0.68]
2022-10-31T16:17:00,403 [restartedMain] INFO  (DirectJDKLog.java:173) - Initializing Spring embedded WebApplicationContext
2022-10-31T16:17:00,403 [restartedMain] INFO  (ServletWebServerApplicationContext.java:292) - Root WebApplicationContext: initialization completed in 4076 ms
2022-10-31T16:17:00,688 [restartedMain] INFO  (LogHelper.java:31) - HHH000204: Processing PersistenceUnitInfo [name: default]
2022-10-31T16:17:00,770 [restartedMain] INFO  (Version.java:44) - HHH000412: Hibernate ORM core version 5.6.12.Final
2022-10-31T16:17:00,973 [restartedMain] INFO  (JavaReflectionManager.java:56) - HCANN000001: Hibernate Commons Annotations {5.1.2.Final}
2022-10-31T16:17:01,119 [restartedMain] INFO  (HikariDataSource.java:110) - HikariPool-1 - Starting...
2022-10-31T16:17:01,124 [restartedMain] WARN  (DriverDataSource.java:70) - Registered driver with driverClassName=com.mysql.jdbc.Driver was not found, trying direct instantiation.
2022-10-31T16:17:02,153 [restartedMain] INFO  (HikariDataSource.java:123) - HikariPool-1 - Start completed.
2022-10-31T16:17:02,167 [restartedMain] INFO  (Dialect.java:175) - HHH000400: Using dialect: org.hibernate.dialect.MySQL5InnoDBDialect
2022-10-31T16:17:43,159 [restartedMain] INFO  (StartupInfoLogger.java:55) - Starting TmsApplication using Java 17.0.4.1 on YP1016824DT with PID 18020 (D:\Training\Projects\tours_&_Travels_Management_System\tmsBackEnd\target\classes started by hrushikesh.w in D:\Training\Projects\tours_&_Travels_Management_System\tmsBackEnd)
2022-10-31T16:17:43,168 [restartedMain] INFO  (SpringApplication.java:634) - No active profile set, falling back to 1 default profile: "default"
2022-10-31T16:17:43,226 [restartedMain] INFO  (DeferredLog.java:255) - Devtools property defaults active! Set 'spring.devtools.add-properties' to 'false' to disable
2022-10-31T16:17:43,227 [restartedMain] INFO  (DeferredLog.java:255) - For additional web related logging consider setting the 'logging.level.web' property to 'DEBUG'
2022-10-31T16:17:43,893 [restartedMain] INFO  (RepositoryConfigurationDelegate.java:132) - Bootstrapping Spring Data JPA repositories in DEFAULT mode.
2022-10-31T16:17:43,968 [restartedMain] INFO  (RepositoryConfigurationDelegate.java:201) - Finished Spring Data repository scanning in 62 ms. Found 1 JPA repository interfaces.
2022-10-31T16:17:45,409 [restartedMain] INFO  (TomcatWebServer.java:108) - Tomcat initialized with port(s): 8080 (http)
2022-10-31T16:17:45,447 [restartedMain] INFO  (DirectJDKLog.java:173) - Initializing ProtocolHandler ["http-nio-8080"]
2022-10-31T16:17:45,448 [restartedMain] INFO  (DirectJDKLog.java:173) - Starting service [Tomcat]
2022-10-31T16:17:45,448 [restartedMain] INFO  (DirectJDKLog.java:173) - Starting Servlet engine: [Apache Tomcat/9.0.68]
2022-10-31T16:17:45,819 [restartedMain] INFO  (DirectJDKLog.java:173) - Initializing Spring embedded WebApplicationContext
2022-10-31T16:17:45,820 [restartedMain] INFO  (ServletWebServerApplicationContext.java:292) - Root WebApplicationContext: initialization completed in 2593 ms
2022-10-31T16:17:46,381 [restartedMain] INFO  (LogHelper.java:31) - HHH000204: Processing PersistenceUnitInfo [name: default]
2022-10-31T16:17:46,757 [restartedMain] INFO  (Version.java:44) - HHH000412: Hibernate ORM core version 5.6.12.Final
2022-10-31T16:17:47,615 [restartedMain] INFO  (JavaReflectionManager.java:56) - HCANN000001: Hibernate Commons Annotations {5.1.2.Final}
2022-10-31T16:17:47,943 [restartedMain] INFO  (HikariDataSource.java:110) - HikariPool-1 - Starting...
2022-10-31T16:17:48,191 [restartedMain] INFO  (HikariDataSource.java:123) - HikariPool-1 - Start completed.
2022-10-31T16:17:48,315 [restartedMain] INFO  (Dialect.java:175) - HHH000400: Using dialect: org.hibernate.dialect.MySQL5InnoDBDialect
2022-10-31T16:17:50,316 [restartedMain] INFO  (JtaPlatformInitiator.java:52) - HHH000490: Using JtaPlatform implementation: [org.hibernate.engine.transaction.jta.platform.internal.NoJtaPlatform]
2022-10-31T16:17:50,326 [restartedMain] INFO  (AbstractEntityManagerFactoryBean.java:437) - Initialized JPA EntityManagerFactory for persistence unit 'default'
2022-10-31T16:17:51,031 [restartedMain] WARN  (JpaBaseConfiguration.java:219) - spring.jpa.open-in-view is enabled by default. Therefore, database queries may be performed during view rendering. Explicitly configure spring.jpa.open-in-view to disable this warning
2022-10-31T16:17:51,437 [restartedMain] INFO  (OptionalLiveReloadServer.java:59) - LiveReload server is running on port 35729
2022-10-31T16:17:51,454 [restartedMain] INFO  (DirectJDKLog.java:173) - Starting ProtocolHandler ["http-nio-8080"]
2022-10-31T16:17:51,651 [restartedMain] INFO  (TomcatWebServer.java:220) - Tomcat started on port(s): 8080 (http) with context path ''
2022-10-31T16:17:51,673 [restartedMain] INFO  (StartupInfoLogger.java:61) - Started TmsApplication in 9.139 seconds (JVM running for 10.341)
2022-10-31T16:24:12,895 [http-nio-8080-exec-2] INFO  (DirectJDKLog.java:173) - Initializing Spring DispatcherServlet 'dispatcherServlet'
2022-10-31T16:24:12,895 [http-nio-8080-exec-2] INFO  (FrameworkServlet.java:525) - Initializing Servlet 'dispatcherServlet'
2022-10-31T16:24:12,896 [http-nio-8080-exec-2] INFO  (FrameworkServlet.java:547) - Completed initialization in 1 ms
2022-10-31T16:24:12,931 [http-nio-8080-exec-2] INFO  (MasterActorController.java:30) - MasterActorController :: findAllActors function started.
2022-10-31T16:24:12,931 [http-nio-8080-exec-2] INFO  (MasterActorManagerImpl.java:24) - MasterActorManagerImpl :: findAllActors function started.
2022-10-31T16:26:00,631 [http-nio-8080-exec-5] WARN  (AbstractHandlerExceptionResolver.java:208) - Resolved [org.springframework.web.HttpMediaTypeNotSupportedException: Content type 'text/plain;charset=UTF-8' not supported]
2022-10-31T16:28:26,154 [http-nio-8080-exec-8] INFO  (MasterActorController.java:49) - MasterActorController :: addActor function started.
2022-10-31T16:28:26,154 [http-nio-8080-exec-8] INFO  (MasterActorManagerImpl.java:40) - MasterActorManagerImpl :: addActor function started.
2022-10-31T16:28:27,094 [http-nio-8080-exec-8] WARN  (SqlExceptionHelper.java:137) - SQL Error: 1062, SQLState: 23000
2022-10-31T16:28:27,095 [http-nio-8080-exec-8] ERROR (SqlExceptionHelper.java:142) - Duplicate entry '1' for key 'master_actor.PRIMARY'
2022-10-31T16:28:27,114 [http-nio-8080-exec-8] INFO  (AbstractBatchImpl.java:213) - HHH000010: On release of batch it still contained JDBC statements
2022-10-31T16:28:27,147 [http-nio-8080-exec-8] ERROR (MasterActorManagerImpl.java:46) - MasterActorManagerImpl :: addActor error while find all actors. could not execute statement; SQL [n/a]; constraint [master_actor.PRIMARY]; nested exception is org.hibernate.exception.ConstraintViolationException: could not execute statement
2022-10-31T16:28:27,148 [http-nio-8080-exec-8] ERROR (MasterActorManagerImpl.java:47) - MasterActorManagerImpl :: addActor Stacktrace :: [Ljava.lang.StackTraceElement;@1b33ca3
2022-10-31T16:29:05,510 [http-nio-8080-exec-10] INFO  (MasterActorController.java:30) - MasterActorController :: findAllActors function started.
2022-10-31T16:29:05,510 [http-nio-8080-exec-10] INFO  (MasterActorManagerImpl.java:24) - MasterActorManagerImpl :: findAllActors function started.
2022-10-31T16:30:46,244 [http-nio-8080-exec-3] INFO  (MasterActorController.java:49) - MasterActorController :: addActor function started.
2022-10-31T16:30:46,245 [http-nio-8080-exec-3] INFO  (MasterActorManagerImpl.java:40) - MasterActorManagerImpl :: addActor function started.
2022-10-31T16:31:34,493 [http-nio-8080-exec-4] INFO  (MasterActorController.java:49) - MasterActorController :: addActor function started.
2022-10-31T16:31:34,494 [http-nio-8080-exec-4] INFO  (MasterActorManagerImpl.java:40) - MasterActorManagerImpl :: addActor function started.
2022-10-31T16:31:49,332 [http-nio-8080-exec-5] INFO  (MasterActorController.java:30) - MasterActorController :: findAllActors function started.
2022-10-31T16:31:49,332 [http-nio-8080-exec-5] INFO  (MasterActorManagerImpl.java:24) - MasterActorManagerImpl :: findAllActors function started.
2022-10-31T16:32:25,290 [http-nio-8080-exec-6] INFO  (MasterActorController.java:84) - MasterActorController :: deleteActor function started.
2022-10-31T16:32:25,290 [http-nio-8080-exec-6] INFO  (MasterActorManagerImpl.java:55) - MasterActorManagerImpl :: findById function started.
2022-10-31T16:32:25,471 [http-nio-8080-exec-6] INFO  (MasterActorManagerImpl.java:40) - MasterActorManagerImpl :: addActor function started.
2022-10-31T16:32:33,445 [http-nio-8080-exec-7] INFO  (MasterActorController.java:30) - MasterActorController :: findAllActors function started.
2022-10-31T16:32:33,445 [http-nio-8080-exec-7] INFO  (MasterActorManagerImpl.java:24) - MasterActorManagerImpl :: findAllActors function started.
